2023-12-08 23:08, success
2023-12-09 09:51, success
2023-12-09 10:29, success
2023-12-09 10:34, success
2023-12-09 10:38, success
2023-12-09 10:44, success
2023-12-09 14:06, success
2023-12-09 14:08, success
2023-12-09 17:00, success
2023-12-09 17:11, success
2023-12-09 17:18, success
2023-12-09 17:29, success
2023-12-09 17:34, success
2023-12-09 17:53, success
2023-12-09 17:58, success
2023-12-09 18:30, success
2023-12-09 18:34, success
2023-12-09 18:38, success
2023-12-09 18:41, success
2023-12-09 19:03, success
2023-12-09 19:07, success
2023-12-09 20:00, success
2023-12-09 23:00, success
2023-12-10 02:00, success
2023-12-10 05:00, success
2023-12-10 08:00, success
2023-12-10 11:00, success
2023-12-10 12:14, success
2023-12-10 12:15, success
2023-12-10 14:00, success
2023-12-10 16:23, success
<<<<<<< HEAD
2023-12-10 17:00, success
2023-12-10 20:00, success
2023-12-10 23:00, success
2023-12-11 02:00, success
2023-12-11 05:00, success
2023-12-11 08:00, success
2023-12-11 11:00, success
2023-12-11 13:49, success
2023-12-11 13:50, success
=======
2023-12-11 13:49, success
>>>>>>> f7cd5fd10d5f1f65b1bda082ac8e4e349754b241
2023-12-11 13:51, success
2023-12-13 09:41, success
2023-12-13 19:52, success
2024-01-09 16:04, success
2024-01-10 10:30, success
2024-01-11 09:27, success
2024-01-12 09:41, success
2024-01-15 09:54, success
2024-01-15 09:54, success
2024-01-15 15:25, success
2024-01-16 09:22, success
2024-01-16 15:14, success
2024-01-16 15:21, success
2024-01-17 14:22, success
2024-01-17 14:29, success
2024-01-18 13:31, success
2024-01-18 14:00, success
2024-01-19 09:31, success
2024-01-19 11:37, success
2024-01-19 11:37, success
2024-01-23 09:58, success
2024-01-23 10:01, failed
2024-01-23 10:04, failed
2024-01-29 17:07, success
